Determining if the pthread_create exist failed with the following output:
Change Dir: /home/fotoblysk/git-projects/Cross-and-circle-game-neural-networks-learn/cmake-build-debug/CMakeFiles/CMakeTmp

Run Build Command:"/usr/bin/make" "cmTC_bb482/fast"
/usr/bin/make -f CMakeFiles/cmTC_bb482.dir/build.make CMakeFiles/cmTC_bb482.dir/build
make[1]: Wejście do katalogu '/home/fotoblysk/git-projects/Cross-and-circle-game-neural-networks-learn/cmake-build-debug/CMakeFiles/CMakeTmp'
Building C object CMakeFiles/cmTC_bb482.dir/CheckSymbolExists.c.o
/usr/bin/cc     -o CMakeFiles/cmTC_bb482.dir/CheckSymbolExists.c.o   -c /home/fotoblysk/git-projects/Cross-and-circle-game-neural-networks-learn/cmake-build-debug/CMakeFiles/CMakeTmp/CheckSymbolExists.c
Linking C executable cmTC_bb482
/home/fotoblysk/Prog/clion-2016.2.2_2/bin/cmake/bin/cmake -E cmake_link_script CMakeFiles/cmTC_bb482.dir/link.txt --verbose=1
/usr/bin/cc       CMakeFiles/cmTC_bb482.dir/CheckSymbolExists.c.o  -o cmTC_bb482 
CMakeFiles/cmTC_bb482.dir/CheckSymbolExists.c.o: In function `main':
CheckSymbolExists.c:(.text+0x16): undefined reference to `pthread_create'
collect2: error: ld returned 1 exit status
CMakeFiles/cmTC_bb482.dir/build.make:97: polecenia dla obiektu 'cmTC_bb482' nie powiodły się
make[1]: *** [cmTC_bb482] Błąd 1
make[1]: Opuszczenie katalogu '/home/fotoblysk/git-projects/Cross-and-circle-game-neural-networks-learn/cmake-build-debug/CMakeFiles/CMakeTmp'
Makefile:126: polecenia dla obiektu 'cmTC_bb482/fast' nie powiodły się
make: *** [cmTC_bb482/fast] Błąd 2

File /home/fotoblysk/git-projects/Cross-and-circle-game-neural-networks-learn/cmake-build-debug/CMakeFiles/CMakeTmp/CheckSymbolExists.c:
/* */
#include <pthread.h>

int main(int argc, char** argv)
{
  (void)argv;
#ifndef pthread_create
  return ((int*)(&pthread_create))[argc];
#else
  (void)argc;
  return 0;
#endif
}

Determining if the function pthread_create exists in the pthreads failed with the following output:
Change Dir: /home/fotoblysk/git-projects/Cross-and-circle-game-neural-networks-learn/cmake-build-debug/CMakeFiles/CMakeTmp

Run Build Command:"/usr/bin/make" "cmTC_47c42/fast"
/usr/bin/make -f CMakeFiles/cmTC_47c42.dir/build.make CMakeFiles/cmTC_47c42.dir/build
make[1]: Wejście do katalogu '/home/fotoblysk/git-projects/Cross-and-circle-game-neural-networks-learn/cmake-build-debug/CMakeFiles/CMakeTmp'
Building C object CMakeFiles/cmTC_47c42.dir/CheckFunctionExists.c.o
/usr/bin/cc    -DCHECK_FUNCTION_EXISTS=pthread_create   -o CMakeFiles/cmTC_47c42.dir/CheckFunctionExists.c.o   -c /home/fotoblysk/Prog/clion-2016.2.2_2/bin/cmake/share/cmake-3.6/Modules/CheckFunctionExists.c
Linking C executable cmTC_47c42
/home/fotoblysk/Prog/clion-2016.2.2_2/bin/cmake/bin/cmake -E cmake_link_script CMakeFiles/cmTC_47c42.dir/link.txt --verbose=1
/usr/bin/cc   -DCHECK_FUNCTION_EXISTS=pthread_create    CMakeFiles/cmTC_47c42.dir/CheckFunctionExists.c.o  -o cmTC_47c42 -lpthreads 
/usr/bin/ld: cannot find -lpthreads
collect2: error: ld returned 1 exit status
CMakeFiles/cmTC_47c42.dir/build.make:97: polecenia dla obiektu 'cmTC_47c42' nie powiodły się
make[1]: *** [cmTC_47c42] Błąd 1
make[1]: Opuszczenie katalogu '/home/fotoblysk/git-projects/Cross-and-circle-game-neural-networks-learn/cmake-build-debug/CMakeFiles/CMakeTmp'
Makefile:126: polecenia dla obiektu 'cmTC_47c42/fast' nie powiodły się
make: *** [cmTC_47c42/fast] Błąd 2


