The system is: Linux - 4.9.0-3-amd64 - x86_64
Compiling the C compiler identification source file "CMakeCCompilerId.c" succeeded.
Compiler: /usr/bin/cc 
Build flags: 
Id flags: 

The output was:
0


Compilation of the C compiler identification source "CMakeCCompilerId.c" produced "a.out"

The C compiler identification is GNU, found in "/home/lukaszk/Desktop/Cross-and-circle-game-neural-networks-learn/CMakeFiles/3.7.2/CompilerIdC/a.out"

Compiling the CXX compiler identification source file "CMakeCXXCompilerId.cpp" succeeded.
Compiler: /usr/bin/c++ 
Build flags: 
Id flags: 

The output was:
0


Compilation of the CXX compiler identification source "CMakeCXXCompilerId.cpp" produced "a.out"

The CXX compiler identification is GNU, found in "/home/lukaszk/Desktop/Cross-and-circle-game-neural-networks-learn/CMakeFiles/3.7.2/CompilerIdCXX/a.out"

Determining if the C compiler works passed with the following output:
Change Dir: /home/lukaszk/Desktop/Cross-and-circle-game-neural-networks-learn/CMakeFiles/CMakeTmp

Run Build Command:"/usr/bin/make" "cmTC_08200/fast"
/usr/bin/make -f CMakeFiles/cmTC_08200.dir/build.make CMakeFiles/cmTC_08200.dir/build
make[1]: Entering directory '/home/lukaszk/Desktop/Cross-and-circle-game-neural-networks-learn/CMakeFiles/CMakeTmp'
Building C object CMakeFiles/cmTC_08200.dir/testCCompiler.c.o
/usr/bin/cc     -o CMakeFiles/cmTC_08200.dir/testCCompiler.c.o   -c /home/lukaszk/Desktop/Cross-and-circle-game-neural-networks-learn/CMakeFiles/CMakeTmp/testCCompiler.c
Linking C executable cmTC_08200
/usr/bin/cmake -E cmake_link_script CMakeFiles/cmTC_08200.dir/link.txt --verbose=1
/usr/bin/cc       CMakeFiles/cmTC_08200.dir/testCCompiler.c.o  -o cmTC_08200 
make[1]: Leaving directory '/home/lukaszk/Desktop/Cross-and-circle-game-neural-networks-learn/CMakeFiles/CMakeTmp'


Detecting C compiler ABI info compiled with the following output:
Change Dir: /home/lukaszk/Desktop/Cross-and-circle-game-neural-networks-learn/CMakeFiles/CMakeTmp

Run Build Command:"/usr/bin/make" "cmTC_3964d/fast"
/usr/bin/make -f CMakeFiles/cmTC_3964d.dir/build.make CMakeFiles/cmTC_3964d.dir/build
make[1]: Entering directory '/home/lukaszk/Desktop/Cross-and-circle-game-neural-networks-learn/CMakeFiles/CMakeTmp'
Building C object CMakeFiles/cmTC_3964d.dir/CMakeCCompilerABI.c.o
/usr/bin/cc     -o CMakeFiles/cmTC_3964d.dir/CMakeCCompilerABI.c.o   -c /usr/share/cmake-3.7/Modules/CMakeCCompilerABI.c
Linking C executable cmTC_3964d
/usr/bin/cmake -E cmake_link_script CMakeFiles/cmTC_3964d.dir/link.txt --verbose=1
/usr/bin/cc      -v CMakeFiles/cmTC_3964d.dir/CMakeCCompilerABI.c.o  -o cmTC_3964d  
Using built-in specs.
COLLECT_GCC=/usr/bin/cc
COLLECT_LTO_WRAPPER=/usr/lib/gcc/x86_64-linux-gnu/6/lto-wrapper
Target: x86_64-linux-gnu
Configured with: ../src/configure -v --with-pkgversion='Debian 6.3.0-18' --with-bugurl=file:///usr/share/doc/gcc-6/README.Bugs --enable-languages=c,ada,c++,java,go,d,fortran,objc,obj-c++ --prefix=/usr --program-suffix=-6 --program-prefix=x86_64-linux-gnu- --enable-shared --enable-linker-build-id --libexecdir=/usr/lib --without-included-gettext --enable-threads=posix --libdir=/usr/lib --enable-nls --with-sysroot=/ --enable-clocale=gnu --enable-libstdcxx-debug --enable-libstdcxx-time=yes --with-default-libstdcxx-abi=new --enable-gnu-unique-object --disable-vtable-verify --enable-libmpx --enable-plugin --enable-default-pie --with-system-zlib --disable-browser-plugin --enable-java-awt=gtk --enable-gtk-cairo --with-java-home=/usr/lib/jvm/java-1.5.0-gcj-6-amd64/jre --enable-java-home --with-jvm-root-dir=/usr/lib/jvm/java-1.5.0-gcj-6-amd64 --with-jvm-jar-dir=/usr/lib/jvm-exports/java-1.5.0-gcj-6-amd64 --with-arch-directory=amd64 --with-ecj-jar=/usr/share/java/eclipse-ecj.jar --with-target-system-zlib --enable-objc-gc=auto --enable-multiarch --with-arch-32=i686 --with-abi=m64 --with-multilib-list=m32,m64,mx32 --enable-multilib --with-tune=generic --enable-checking=release --build=x86_64-linux-gnu --host=x86_64-linux-gnu --target=x86_64-linux-gnu
Thread model: posix
gcc version 6.3.0 20170516 (Debian 6.3.0-18) 
COMPILER_PATH=/usr/lib/gcc/x86_64-linux-gnu/6/:/usr/lib/gcc/x86_64-linux-gnu/6/:/usr/lib/gcc/x86_64-linux-gnu/:/usr/lib/gcc/x86_64-linux-gnu/6/:/usr/lib/gcc/x86_64-linux-gnu/
LIBRARY_PATH=/usr/lib/gcc/x86_64-linux-gnu/6/:/usr/lib/gcc/x86_64-linux-gnu/6/../../../x86_64-linux-gnu/:/usr/lib/gcc/x86_64-linux-gnu/6/../../../../lib/:/lib/x86_64-linux-gnu/:/lib/../lib/:/usr/lib/x86_64-linux-gnu/:/usr/lib/../lib/:/usr/lib/gcc/x86_64-linux-gnu/6/../../../:/lib/:/usr/lib/
COLLECT_GCC_OPTIONS='-v' '-o' 'cmTC_3964d' '-mtune=generic' '-march=x86-64'
 /usr/lib/gcc/x86_64-linux-gnu/6/collect2 -plugin /usr/lib/gcc/x86_64-linux-gnu/6/liblto_plugin.so -plugin-opt=/usr/lib/gcc/x86_64-linux-gnu/6/lto-wrapper -plugin-opt=-fresolution=/tmp/ccOatf65.res -plugin-opt=-pass-through=-lgcc -plugin-opt=-pass-through=-lgcc_s -plugin-opt=-pass-through=-lc -plugin-opt=-pass-through=-lgcc -plugin-opt=-pass-through=-lgcc_s --sysroot=/ --build-id --eh-frame-hdr -m elf_x86_64 --hash-style=gnu -dynamic-linker /lib64/ld-linux-x86-64.so.2 -pie -o cmTC_3964d /usr/lib/gcc/x86_64-linux-gnu/6/../../../x86_64-linux-gnu/Scrt1.o /usr/lib/gcc/x86_64-linux-gnu/6/../../../x86_64-linux-gnu/crti.o /usr/lib/gcc/x86_64-linux-gnu/6/crtbeginS.o -L/usr/lib/gcc/x86_64-linux-gnu/6 -L/usr/lib/gcc/x86_64-linux-gnu/6/../../../x86_64-linux-gnu -L/usr/lib/gcc/x86_64-linux-gnu/6/../../../../lib -L/lib/x86_64-linux-gnu -L/lib/../lib -L/usr/lib/x86_64-linux-gnu -L/usr/lib/../lib -L/usr/lib/gcc/x86_64-linux-gnu/6/../../.. CMakeFiles/cmTC_3964d.dir/CMakeCCompilerABI.c.o -lgcc --as-needed -lgcc_s --no-as-needed -lc -lgcc --as-needed -lgcc_s --no-as-needed /usr/lib/gcc/x86_64-linux-gnu/6/crtendS.o /usr/lib/gcc/x86_64-linux-gnu/6/../../../x86_64-linux-gnu/crtn.o
COLLECT_GCC_OPTIONS='-v' '-o' 'cmTC_3964d' '-mtune=generic' '-march=x86-64'
make[1]: Leaving directory '/home/lukaszk/Desktop/Cross-and-circle-game-neural-networks-learn/CMakeFiles/CMakeTmp'


Parsed C implicit link information from above output:
  link line regex: [^( *|.*[/\])(ld|([^/\]+-)?ld|collect2)[^/\]*( |$)]
  ignore line: [Change Dir: /home/lukaszk/Desktop/Cross-and-circle-game-neural-networks-learn/CMakeFiles/CMakeTmp]
  ignore line: []
  ignore line: [Run Build Command:"/usr/bin/make" "cmTC_3964d/fast"]
  ignore line: [/usr/bin/make -f CMakeFiles/cmTC_3964d.dir/build.make CMakeFiles/cmTC_3964d.dir/build]
  ignore line: [make[1]: Entering directory '/home/lukaszk/Desktop/Cross-and-circle-game-neural-networks-learn/CMakeFiles/CMakeTmp']
  ignore line: [Building C object CMakeFiles/cmTC_3964d.dir/CMakeCCompilerABI.c.o]
  ignore line: [/usr/bin/cc     -o CMakeFiles/cmTC_3964d.dir/CMakeCCompilerABI.c.o   -c /usr/share/cmake-3.7/Modules/CMakeCCompilerABI.c]
  ignore line: [Linking C executable cmTC_3964d]
  ignore line: [/usr/bin/cmake -E cmake_link_script CMakeFiles/cmTC_3964d.dir/link.txt --verbose=1]
  ignore line: [/usr/bin/cc      -v CMakeFiles/cmTC_3964d.dir/CMakeCCompilerABI.c.o  -o cmTC_3964d  ]
  ignore line: [Using built-in specs.]
  ignore line: [COLLECT_GCC=/usr/bin/cc]
  ignore line: [COLLECT_LTO_WRAPPER=/usr/lib/gcc/x86_64-linux-gnu/6/lto-wrapper]
  ignore line: [Target: x86_64-linux-gnu]
  ignore line: [Configured with: ../src/configure -v --with-pkgversion='Debian 6.3.0-18' --with-bugurl=file:///usr/share/doc/gcc-6/README.Bugs --enable-languages=c,ada,c++,java,go,d,fortran,objc,obj-c++ --prefix=/usr --program-suffix=-6 --program-prefix=x86_64-linux-gnu- --enable-shared --enable-linker-build-id --libexecdir=/usr/lib --without-included-gettext --enable-threads=posix --libdir=/usr/lib --enable-nls --with-sysroot=/ --enable-clocale=gnu --enable-libstdcxx-debug --enable-libstdcxx-time=yes --with-default-libstdcxx-abi=new --enable-gnu-unique-object --disable-vtable-verify --enable-libmpx --enable-plugin --enable-default-pie --with-system-zlib --disable-browser-plugin --enable-java-awt=gtk --enable-gtk-cairo --with-java-home=/usr/lib/jvm/java-1.5.0-gcj-6-amd64/jre --enable-java-home --with-jvm-root-dir=/usr/lib/jvm/java-1.5.0-gcj-6-amd64 --with-jvm-jar-dir=/usr/lib/jvm-exports/java-1.5.0-gcj-6-amd64 --with-arch-directory=amd64 --with-ecj-jar=/usr/share/java/eclipse-ecj.jar --with-target-system-zlib --enable-objc-gc=auto --enable-multiarch --with-arch-32=i686 --with-abi=m64 --with-multilib-list=m32,m64,mx32 --enable-multilib --with-tune=generic --enable-checking=release --build=x86_64-linux-gnu --host=x86_64-linux-gnu --target=x86_64-linux-gnu]
  ignore line: [Thread model: posix]
  ignore line: [gcc version 6.3.0 20170516 (Debian 6.3.0-18) ]
  ignore line: [COMPILER_PATH=/usr/lib/gcc/x86_64-linux-gnu/6/:/usr/lib/gcc/x86_64-linux-gnu/6/:/usr/lib/gcc/x86_64-linux-gnu/:/usr/lib/gcc/x86_64-linux-gnu/6/:/usr/lib/gcc/x86_64-linux-gnu/]
  ignore line: [LIBRARY_PATH=/usr/lib/gcc/x86_64-linux-gnu/6/:/usr/lib/gcc/x86_64-linux-gnu/6/../../../x86_64-linux-gnu/:/usr/lib/gcc/x86_64-linux-gnu/6/../../../../lib/:/lib/x86_64-linux-gnu/:/lib/../lib/:/usr/lib/x86_64-linux-gnu/:/usr/lib/../lib/:/usr/lib/gcc/x86_64-linux-gnu/6/../../../:/lib/:/usr/lib/]
  ignore line: [COLLECT_GCC_OPTIONS='-v' '-o' 'cmTC_3964d' '-mtune=generic' '-march=x86-64']
  link line: [ /usr/lib/gcc/x86_64-linux-gnu/6/collect2 -plugin /usr/lib/gcc/x86_64-linux-gnu/6/liblto_plugin.so -plugin-opt=/usr/lib/gcc/x86_64-linux-gnu/6/lto-wrapper -plugin-opt=-fresolution=/tmp/ccOatf65.res -plugin-opt=-pass-through=-lgcc -plugin-opt=-pass-through=-lgcc_s -plugin-opt=-pass-through=-lc -plugin-opt=-pass-through=-lgcc -plugin-opt=-pass-through=-lgcc_s --sysroot=/ --build-id --eh-frame-hdr -m elf_x86_64 --hash-style=gnu -dynamic-linker /lib64/ld-linux-x86-64.so.2 -pie -o cmTC_3964d /usr/lib/gcc/x86_64-linux-gnu/6/../../../x86_64-linux-gnu/Scrt1.o /usr/lib/gcc/x86_64-linux-gnu/6/../../../x86_64-linux-gnu/crti.o /usr/lib/gcc/x86_64-linux-gnu/6/crtbeginS.o -L/usr/lib/gcc/x86_64-linux-gnu/6 -L/usr/lib/gcc/x86_64-linux-gnu/6/../../../x86_64-linux-gnu -L/usr/lib/gcc/x86_64-linux-gnu/6/../../../../lib -L/lib/x86_64-linux-gnu -L/lib/../lib -L/usr/lib/x86_64-linux-gnu -L/usr/lib/../lib -L/usr/lib/gcc/x86_64-linux-gnu/6/../../.. CMakeFiles/cmTC_3964d.dir/CMakeCCompilerABI.c.o -lgcc --as-needed -lgcc_s --no-as-needed -lc -lgcc --as-needed -lgcc_s --no-as-needed /usr/lib/gcc/x86_64-linux-gnu/6/crtendS.o /usr/lib/gcc/x86_64-linux-gnu/6/../../../x86_64-linux-gnu/crtn.o]
    arg [/usr/lib/gcc/x86_64-linux-gnu/6/collect2] ==> ignore
    arg [-plugin] ==> ignore
    arg [/usr/lib/gcc/x86_64-linux-gnu/6/liblto_plugin.so] ==> ignore
    arg [-plugin-opt=/usr/lib/gcc/x86_64-linux-gnu/6/lto-wrapper] ==> ignore
    arg [-plugin-opt=-fresolution=/tmp/ccOatf65.res] ==> ignore
    arg [-plugin-opt=-pass-through=-lgcc] ==> ignore
    arg [-plugin-opt=-pass-through=-lgcc_s] ==> ignore
    arg [-plugin-opt=-pass-through=-lc] ==> ignore
    arg [-plugin-opt=-pass-through=-lgcc] ==> ignore
    arg [-plugin-opt=-pass-through=-lgcc_s] ==> ignore
    arg [--sysroot=/] ==> ignore
    arg [--build-id] ==> ignore
    arg [--eh-frame-hdr] ==> ignore
    arg [-m] ==> ignore
    arg [elf_x86_64] ==> ignore
    arg [--hash-style=gnu] ==> ignore
    arg [-dynamic-linker] ==> ignore
    arg [/lib64/ld-linux-x86-64.so.2] ==> ignore
    arg [-pie] ==> ignore
    arg [-o] ==> ignore
    arg [cmTC_3964d] ==> ignore
    arg [/usr/lib/gcc/x86_64-linux-gnu/6/../../../x86_64-linux-gnu/Scrt1.o] ==> ignore
    arg [/usr/lib/gcc/x86_64-linux-gnu/6/../../../x86_64-linux-gnu/crti.o] ==> ignore
    arg [/usr/lib/gcc/x86_64-linux-gnu/6/crtbeginS.o] ==> ignore
    arg [-L/usr/lib/gcc/x86_64-linux-gnu/6] ==> dir [/usr/lib/gcc/x86_64-linux-gnu/6]
    arg [-L/usr/lib/gcc/x86_64-linux-gnu/6/../../../x86_64-linux-gnu] ==> dir [/usr/lib/gcc/x86_64-linux-gnu/6/../../../x86_64-linux-gnu]
    arg [-L/usr/lib/gcc/x86_64-linux-gnu/6/../../../../lib] ==> dir [/usr/lib/gcc/x86_64-linux-gnu/6/../../../../lib]
    arg [-L/lib/x86_64-linux-gnu] ==> dir [/lib/x86_64-linux-gnu]
    arg [-L/lib/../lib] ==> dir [/lib/../lib]
    arg [-L/usr/lib/x86_64-linux-gnu] ==> dir [/usr/lib/x86_64-linux-gnu]
    arg [-L/usr/lib/../lib] ==> dir [/usr/lib/../lib]
    arg [-L/usr/lib/gcc/x86_64-linux-gnu/6/../../..] ==> dir [/usr/lib/gcc/x86_64-linux-gnu/6/../../..]
    arg [CMakeFiles/cmTC_3964d.dir/CMakeCCompilerABI.c.o] ==> ignore
    arg [-lgcc] ==> lib [gcc]
    arg [--as-needed] ==> ignore
    arg [-lgcc_s] ==> lib [gcc_s]
    arg [--no-as-needed] ==> ignore
    arg [-lc] ==> lib [c]
    arg [-lgcc] ==> lib [gcc]
    arg [--as-needed] ==> ignore
    arg [-lgcc_s] ==> lib [gcc_s]
    arg [--no-as-needed] ==> ignore
    arg [/usr/lib/gcc/x86_64-linux-gnu/6/crtendS.o] ==> ignore
    arg [/usr/lib/gcc/x86_64-linux-gnu/6/../../../x86_64-linux-gnu/crtn.o] ==> ignore
  remove lib [gcc]
  remove lib [gcc_s]
  remove lib [gcc]
  remove lib [gcc_s]
  collapse library dir [/usr/lib/gcc/x86_64-linux-gnu/6] ==> [/usr/lib/gcc/x86_64-linux-gnu/6]
  collapse library dir [/usr/lib/gcc/x86_64-linux-gnu/6/../../../x86_64-linux-gnu] ==> [/usr/lib/x86_64-linux-gnu]
  collapse library dir [/usr/lib/gcc/x86_64-linux-gnu/6/../../../../lib] ==> [/usr/lib]
  collapse library dir [/lib/x86_64-linux-gnu] ==> [/lib/x86_64-linux-gnu]
  collapse library dir [/lib/../lib] ==> [/lib]
  collapse library dir [/usr/lib/x86_64-linux-gnu] ==> [/usr/lib/x86_64-linux-gnu]
  collapse library dir [/usr/lib/../lib] ==> [/usr/lib]
  collapse library dir [/usr/lib/gcc/x86_64-linux-gnu/6/../../..] ==> [/usr/lib]
  implicit libs: [c]
  implicit dirs: [/usr/lib/gcc/x86_64-linux-gnu/6;/usr/lib/x86_64-linux-gnu;/usr/lib;/lib/x86_64-linux-gnu;/lib]
  implicit fwks: []




Detecting C [-std=c11] compiler features compiled with the following output:
Change Dir: /home/lukaszk/Desktop/Cross-and-circle-game-neural-networks-learn/CMakeFiles/CMakeTmp

Run Build Command:"/usr/bin/make" "cmTC_f2f9b/fast"
/usr/bin/make -f CMakeFiles/cmTC_f2f9b.dir/build.make CMakeFiles/cmTC_f2f9b.dir/build
make[1]: Entering directory '/home/lukaszk/Desktop/Cross-and-circle-game-neural-networks-learn/CMakeFiles/CMakeTmp'
Building C object CMakeFiles/cmTC_f2f9b.dir/feature_tests.c.o
/usr/bin/cc    -std=c11 -o CMakeFiles/cmTC_f2f9b.dir/feature_tests.c.o   -c /home/lukaszk/Desktop/Cross-and-circle-game-neural-networks-learn/CMakeFiles/feature_tests.c
Linking C executable cmTC_f2f9b
/usr/bin/cmake -E cmake_link_script CMakeFiles/cmTC_f2f9b.dir/link.txt --verbose=1
/usr/bin/cc       CMakeFiles/cmTC_f2f9b.dir/feature_tests.c.o  -o cmTC_f2f9b 
make[1]: Leaving directory '/home/lukaszk/Desktop/Cross-and-circle-game-neural-networks-learn/CMakeFiles/CMakeTmp'


    Feature record: C_FEATURE:1c_function_prototypes
    Feature record: C_FEATURE:1c_restrict
    Feature record: C_FEATURE:1c_static_assert
    Feature record: C_FEATURE:1c_variadic_macros


Detecting C [-std=c99] compiler features compiled with the following output:
Change Dir: /home/lukaszk/Desktop/Cross-and-circle-game-neural-networks-learn/CMakeFiles/CMakeTmp

Run Build Command:"/usr/bin/make" "cmTC_fab93/fast"
/usr/bin/make -f CMakeFiles/cmTC_fab93.dir/build.make CMakeFiles/cmTC_fab93.dir/build
make[1]: Entering directory '/home/lukaszk/Desktop/Cross-and-circle-game-neural-networks-learn/CMakeFiles/CMakeTmp'
Building C object CMakeFiles/cmTC_fab93.dir/feature_tests.c.o
/usr/bin/cc    -std=c99 -o CMakeFiles/cmTC_fab93.dir/feature_tests.c.o   -c /home/lukaszk/Desktop/Cross-and-circle-game-neural-networks-learn/CMakeFiles/feature_tests.c
Linking C executable cmTC_fab93
/usr/bin/cmake -E cmake_link_script CMakeFiles/cmTC_fab93.dir/link.txt --verbose=1
/usr/bin/cc       CMakeFiles/cmTC_fab93.dir/feature_tests.c.o  -o cmTC_fab93 
make[1]: Leaving directory '/home/lukaszk/Desktop/Cross-and-circle-game-neural-networks-learn/CMakeFiles/CMakeTmp'


    Feature record: C_FEATURE:1c_function_prototypes
    Feature record: C_FEATURE:1c_restrict
    Feature record: C_FEATURE:0c_static_assert
    Feature record: C_FEATURE:1c_variadic_macros


Detecting C [-std=c90] compiler features compiled with the following output:
Change Dir: /home/lukaszk/Desktop/Cross-and-circle-game-neural-networks-learn/CMakeFiles/CMakeTmp

Run Build Command:"/usr/bin/make" "cmTC_e49c6/fast"
/usr/bin/make -f CMakeFiles/cmTC_e49c6.dir/build.make CMakeFiles/cmTC_e49c6.dir/build
make[1]: Entering directory '/home/lukaszk/Desktop/Cross-and-circle-game-neural-networks-learn/CMakeFiles/CMakeTmp'
Building C object CMakeFiles/cmTC_e49c6.dir/feature_tests.c.o
/usr/bin/cc    -std=c90 -o CMakeFiles/cmTC_e49c6.dir/feature_tests.c.o   -c /home/lukaszk/Desktop/Cross-and-circle-game-neural-networks-learn/CMakeFiles/feature_tests.c
Linking C executable cmTC_e49c6
/usr/bin/cmake -E cmake_link_script CMakeFiles/cmTC_e49c6.dir/link.txt --verbose=1
/usr/bin/cc       CMakeFiles/cmTC_e49c6.dir/feature_tests.c.o  -o cmTC_e49c6 
make[1]: Leaving directory '/home/lukaszk/Desktop/Cross-and-circle-game-neural-networks-learn/CMakeFiles/CMakeTmp'


    Feature record: C_FEATURE:1c_function_prototypes
    Feature record: C_FEATURE:0c_restrict
    Feature record: C_FEATURE:0c_static_assert
    Feature record: C_FEATURE:0c_variadic_macros
Determining if the CXX compiler works passed with the following output:
Change Dir: /home/lukaszk/Desktop/Cross-and-circle-game-neural-networks-learn/CMakeFiles/CMakeTmp

Run Build Command:"/usr/bin/make" "cmTC_7ec95/fast"
/usr/bin/make -f CMakeFiles/cmTC_7ec95.dir/build.make CMakeFiles/cmTC_7ec95.dir/build
make[1]: Entering directory '/home/lukaszk/Desktop/Cross-and-circle-game-neural-networks-learn/CMakeFiles/CMakeTmp'
Building CXX object CMakeFiles/cmTC_7ec95.dir/testCXXCompiler.cxx.o
/usr/bin/c++      -o CMakeFiles/cmTC_7ec95.dir/testCXXCompiler.cxx.o -c /home/lukaszk/Desktop/Cross-and-circle-game-neural-networks-learn/CMakeFiles/CMakeTmp/testCXXCompiler.cxx
Linking CXX executable cmTC_7ec95
/usr/bin/cmake -E cmake_link_script CMakeFiles/cmTC_7ec95.dir/link.txt --verbose=1
/usr/bin/c++        CMakeFiles/cmTC_7ec95.dir/testCXXCompiler.cxx.o  -o cmTC_7ec95 
make[1]: Leaving directory '/home/lukaszk/Desktop/Cross-and-circle-game-neural-networks-learn/CMakeFiles/CMakeTmp'


Detecting CXX compiler ABI info compiled with the following output:
Change Dir: /home/lukaszk/Desktop/Cross-and-circle-game-neural-networks-learn/CMakeFiles/CMakeTmp

Run Build Command:"/usr/bin/make" "cmTC_106cc/fast"
/usr/bin/make -f CMakeFiles/cmTC_106cc.dir/build.make CMakeFiles/cmTC_106cc.dir/build
make[1]: Entering directory '/home/lukaszk/Desktop/Cross-and-circle-game-neural-networks-learn/CMakeFiles/CMakeTmp'
Building CXX object CMakeFiles/cmTC_106cc.dir/CMakeCXXCompilerABI.cpp.o
/usr/bin/c++      -o CMakeFiles/cmTC_106cc.dir/CMakeCXXCompilerABI.cpp.o -c /usr/share/cmake-3.7/Modules/CMakeCXXCompilerABI.cpp
Linking CXX executable cmTC_106cc
/usr/bin/cmake -E cmake_link_script CMakeFiles/cmTC_106cc.dir/link.txt --verbose=1
/usr/bin/c++       -v CMakeFiles/cmTC_106cc.dir/CMakeCXXCompilerABI.cpp.o  -o cmTC_106cc  
Using built-in specs.
COLLECT_GCC=/usr/bin/c++
COLLECT_LTO_WRAPPER=/usr/lib/gcc/x86_64-linux-gnu/6/lto-wrapper
Target: x86_64-linux-gnu
Configured with: ../src/configure -v --with-pkgversion='Debian 6.3.0-18' --with-bugurl=file:///usr/share/doc/gcc-6/README.Bugs --enable-languages=c,ada,c++,java,go,d,fortran,objc,obj-c++ --prefix=/usr --program-suffix=-6 --program-prefix=x86_64-linux-gnu- --enable-shared --enable-linker-build-id --libexecdir=/usr/lib --without-included-gettext --enable-threads=posix --libdir=/usr/lib --enable-nls --with-sysroot=/ --enable-clocale=gnu --enable-libstdcxx-debug --enable-libstdcxx-time=yes --with-default-libstdcxx-abi=new --enable-gnu-unique-object --disable-vtable-verify --enable-libmpx --enable-plugin --enable-default-pie --with-system-zlib --disable-browser-plugin --enable-java-awt=gtk --enable-gtk-cairo --with-java-home=/usr/lib/jvm/java-1.5.0-gcj-6-amd64/jre --enable-java-home --with-jvm-root-dir=/usr/lib/jvm/java-1.5.0-gcj-6-amd64 --with-jvm-jar-dir=/usr/lib/jvm-exports/java-1.5.0-gcj-6-amd64 --with-arch-directory=amd64 --with-ecj-jar=/usr/share/java/eclipse-ecj.jar --with-target-system-zlib --enable-objc-gc=auto --enable-multiarch --with-arch-32=i686 --with-abi=m64 --with-multilib-list=m32,m64,mx32 --enable-multilib --with-tune=generic --enable-checking=release --build=x86_64-linux-gnu --host=x86_64-linux-gnu --target=x86_64-linux-gnu
Thread model: posix
gcc version 6.3.0 20170516 (Debian 6.3.0-18) 
COMPILER_PATH=/usr/lib/gcc/x86_64-linux-gnu/6/:/usr/lib/gcc/x86_64-linux-gnu/6/:/usr/lib/gcc/x86_64-linux-gnu/:/usr/lib/gcc/x86_64-linux-gnu/6/:/usr/lib/gcc/x86_64-linux-gnu/
LIBRARY_PATH=/usr/lib/gcc/x86_64-linux-gnu/6/:/usr/lib/gcc/x86_64-linux-gnu/6/../../../x86_64-linux-gnu/:/usr/lib/gcc/x86_64-linux-gnu/6/../../../../lib/:/lib/x86_64-linux-gnu/:/lib/../lib/:/usr/lib/x86_64-linux-gnu/:/usr/lib/../lib/:/usr/lib/gcc/x86_64-linux-gnu/6/../../../:/lib/:/usr/lib/
COLLECT_GCC_OPTIONS='-v' '-o' 'cmTC_106cc' '-shared-libgcc' '-mtune=generic' '-march=x86-64'
 /usr/lib/gcc/x86_64-linux-gnu/6/collect2 -plugin /usr/lib/gcc/x86_64-linux-gnu/6/liblto_plugin.so -plugin-opt=/usr/lib/gcc/x86_64-linux-gnu/6/lto-wrapper -plugin-opt=-fresolution=/tmp/ccTHweyv.res -plugin-opt=-pass-through=-lgcc_s -plugin-opt=-pass-through=-lgcc -plugin-opt=-pass-through=-lc -plugin-opt=-pass-through=-lgcc_s -plugin-opt=-pass-through=-lgcc --sysroot=/ --build-id --eh-frame-hdr -m elf_x86_64 --hash-style=gnu -dynamic-linker /lib64/ld-linux-x86-64.so.2 -pie -o cmTC_106cc /usr/lib/gcc/x86_64-linux-gnu/6/../../../x86_64-linux-gnu/Scrt1.o /usr/lib/gcc/x86_64-linux-gnu/6/../../../x86_64-linux-gnu/crti.o /usr/lib/gcc/x86_64-linux-gnu/6/crtbeginS.o -L/usr/lib/gcc/x86_64-linux-gnu/6 -L/usr/lib/gcc/x86_64-linux-gnu/6/../../../x86_64-linux-gnu -L/usr/lib/gcc/x86_64-linux-gnu/6/../../../../lib -L/lib/x86_64-linux-gnu -L/lib/../lib -L/usr/lib/x86_64-linux-gnu -L/usr/lib/../lib -L/usr/lib/gcc/x86_64-linux-gnu/6/../../.. CMakeFiles/cmTC_106cc.dir/CMakeCXXCompilerABI.cpp.o -lstdc++ -lm -lgcc_s -lgcc -lc -lgcc_s -lgcc /usr/lib/gcc/x86_64-linux-gnu/6/crtendS.o /usr/lib/gcc/x86_64-linux-gnu/6/../../../x86_64-linux-gnu/crtn.o
COLLECT_GCC_OPTIONS='-v' '-o' 'cmTC_106cc' '-shared-libgcc' '-mtune=generic' '-march=x86-64'
make[1]: Leaving directory '/home/lukaszk/Desktop/Cross-and-circle-game-neural-networks-learn/CMakeFiles/CMakeTmp'


Parsed CXX implicit link information from above output:
  link line regex: [^( *|.*[/\])(ld|([^/\]+-)?ld|collect2)[^/\]*( |$)]
  ignore line: [Change Dir: /home/lukaszk/Desktop/Cross-and-circle-game-neural-networks-learn/CMakeFiles/CMakeTmp]
  ignore line: []
  ignore line: [Run Build Command:"/usr/bin/make" "cmTC_106cc/fast"]
  ignore line: [/usr/bin/make -f CMakeFiles/cmTC_106cc.dir/build.make CMakeFiles/cmTC_106cc.dir/build]
  ignore line: [make[1]: Entering directory '/home/lukaszk/Desktop/Cross-and-circle-game-neural-networks-learn/CMakeFiles/CMakeTmp']
  ignore line: [Building CXX object CMakeFiles/cmTC_106cc.dir/CMakeCXXCompilerABI.cpp.o]
  ignore line: [/usr/bin/c++      -o CMakeFiles/cmTC_106cc.dir/CMakeCXXCompilerABI.cpp.o -c /usr/share/cmake-3.7/Modules/CMakeCXXCompilerABI.cpp]
  ignore line: [Linking CXX executable cmTC_106cc]
  ignore line: [/usr/bin/cmake -E cmake_link_script CMakeFiles/cmTC_106cc.dir/link.txt --verbose=1]
  ignore line: [/usr/bin/c++       -v CMakeFiles/cmTC_106cc.dir/CMakeCXXCompilerABI.cpp.o  -o cmTC_106cc  ]
  ignore line: [Using built-in specs.]
  ignore line: [COLLECT_GCC=/usr/bin/c++]
  ignore line: [COLLECT_LTO_WRAPPER=/usr/lib/gcc/x86_64-linux-gnu/6/lto-wrapper]
  ignore line: [Target: x86_64-linux-gnu]
  ignore line: [Configured with: ../src/configure -v --with-pkgversion='Debian 6.3.0-18' --with-bugurl=file:///usr/share/doc/gcc-6/README.Bugs --enable-languages=c,ada,c++,java,go,d,fortran,objc,obj-c++ --prefix=/usr --program-suffix=-6 --program-prefix=x86_64-linux-gnu- --enable-shared --enable-linker-build-id --libexecdir=/usr/lib --without-included-gettext --enable-threads=posix --libdir=/usr/lib --enable-nls --with-sysroot=/ --enable-clocale=gnu --enable-libstdcxx-debug --enable-libstdcxx-time=yes --with-default-libstdcxx-abi=new --enable-gnu-unique-object --disable-vtable-verify --enable-libmpx --enable-plugin --enable-default-pie --with-system-zlib --disable-browser-plugin --enable-java-awt=gtk --enable-gtk-cairo --with-java-home=/usr/lib/jvm/java-1.5.0-gcj-6-amd64/jre --enable-java-home --with-jvm-root-dir=/usr/lib/jvm/java-1.5.0-gcj-6-amd64 --with-jvm-jar-dir=/usr/lib/jvm-exports/java-1.5.0-gcj-6-amd64 --with-arch-directory=amd64 --with-ecj-jar=/usr/share/java/eclipse-ecj.jar --with-target-system-zlib --enable-objc-gc=auto --enable-multiarch --with-arch-32=i686 --with-abi=m64 --with-multilib-list=m32,m64,mx32 --enable-multilib --with-tune=generic --enable-checking=release --build=x86_64-linux-gnu --host=x86_64-linux-gnu --target=x86_64-linux-gnu]
  ignore line: [Thread model: posix]
  ignore line: [gcc version 6.3.0 20170516 (Debian 6.3.0-18) ]
  ignore line: [COMPILER_PATH=/usr/lib/gcc/x86_64-linux-gnu/6/:/usr/lib/gcc/x86_64-linux-gnu/6/:/usr/lib/gcc/x86_64-linux-gnu/:/usr/lib/gcc/x86_64-linux-gnu/6/:/usr/lib/gcc/x86_64-linux-gnu/]
  ignore line: [LIBRARY_PATH=/usr/lib/gcc/x86_64-linux-gnu/6/:/usr/lib/gcc/x86_64-linux-gnu/6/../../../x86_64-linux-gnu/:/usr/lib/gcc/x86_64-linux-gnu/6/../../../../lib/:/lib/x86_64-linux-gnu/:/lib/../lib/:/usr/lib/x86_64-linux-gnu/:/usr/lib/../lib/:/usr/lib/gcc/x86_64-linux-gnu/6/../../../:/lib/:/usr/lib/]
  ignore line: [COLLECT_GCC_OPTIONS='-v' '-o' 'cmTC_106cc' '-shared-libgcc' '-mtune=generic' '-march=x86-64']
  link line: [ /usr/lib/gcc/x86_64-linux-gnu/6/collect2 -plugin /usr/lib/gcc/x86_64-linux-gnu/6/liblto_plugin.so -plugin-opt=/usr/lib/gcc/x86_64-linux-gnu/6/lto-wrapper -plugin-opt=-fresolution=/tmp/ccTHweyv.res -plugin-opt=-pass-through=-lgcc_s -plugin-opt=-pass-through=-lgcc -plugin-opt=-pass-through=-lc -plugin-opt=-pass-through=-lgcc_s -plugin-opt=-pass-through=-lgcc --sysroot=/ --build-id --eh-frame-hdr -m elf_x86_64 --hash-style=gnu -dynamic-linker /lib64/ld-linux-x86-64.so.2 -pie -o cmTC_106cc /usr/lib/gcc/x86_64-linux-gnu/6/../../../x86_64-linux-gnu/Scrt1.o /usr/lib/gcc/x86_64-linux-gnu/6/../../../x86_64-linux-gnu/crti.o /usr/lib/gcc/x86_64-linux-gnu/6/crtbeginS.o -L/usr/lib/gcc/x86_64-linux-gnu/6 -L/usr/lib/gcc/x86_64-linux-gnu/6/../../../x86_64-linux-gnu -L/usr/lib/gcc/x86_64-linux-gnu/6/../../../../lib -L/lib/x86_64-linux-gnu -L/lib/../lib -L/usr/lib/x86_64-linux-gnu -L/usr/lib/../lib -L/usr/lib/gcc/x86_64-linux-gnu/6/../../.. CMakeFiles/cmTC_106cc.dir/CMakeCXXCompilerABI.cpp.o -lstdc++ -lm -lgcc_s -lgcc -lc -lgcc_s -lgcc /usr/lib/gcc/x86_64-linux-gnu/6/crtendS.o /usr/lib/gcc/x86_64-linux-gnu/6/../../../x86_64-linux-gnu/crtn.o]
    arg [/usr/lib/gcc/x86_64-linux-gnu/6/collect2] ==> ignore
    arg [-plugin] ==> ignore
    arg [/usr/lib/gcc/x86_64-linux-gnu/6/liblto_plugin.so] ==> ignore
    arg [-plugin-opt=/usr/lib/gcc/x86_64-linux-gnu/6/lto-wrapper] ==> ignore
    arg [-plugin-opt=-fresolution=/tmp/ccTHweyv.res] ==> ignore
    arg [-plugin-opt=-pass-through=-lgcc_s] ==> ignore
    arg [-plugin-opt=-pass-through=-lgcc] ==> ignore
    arg [-plugin-opt=-pass-through=-lc] ==> ignore
    arg [-plugin-opt=-pass-through=-lgcc_s] ==> ignore
    arg [-plugin-opt=-pass-through=-lgcc] ==> ignore
    arg [--sysroot=/] ==> ignore
    arg [--build-id] ==> ignore
    arg [--eh-frame-hdr] ==> ignore
    arg [-m] ==> ignore
    arg [elf_x86_64] ==> ignore
    arg [--hash-style=gnu] ==> ignore
    arg [-dynamic-linker] ==> ignore
    arg [/lib64/ld-linux-x86-64.so.2] ==> ignore
    arg [-pie] ==> ignore
    arg [-o] ==> ignore
    arg [cmTC_106cc] ==> ignore
    arg [/usr/lib/gcc/x86_64-linux-gnu/6/../../../x86_64-linux-gnu/Scrt1.o] ==> ignore
    arg [/usr/lib/gcc/x86_64-linux-gnu/6/../../../x86_64-linux-gnu/crti.o] ==> ignore
    arg [/usr/lib/gcc/x86_64-linux-gnu/6/crtbeginS.o] ==> ignore
    arg [-L/usr/lib/gcc/x86_64-linux-gnu/6] ==> dir [/usr/lib/gcc/x86_64-linux-gnu/6]
    arg [-L/usr/lib/gcc/x86_64-linux-gnu/6/../../../x86_64-linux-gnu] ==> dir [/usr/lib/gcc/x86_64-linux-gnu/6/../../../x86_64-linux-gnu]
    arg [-L/usr/lib/gcc/x86_64-linux-gnu/6/../../../../lib] ==> dir [/usr/lib/gcc/x86_64-linux-gnu/6/../../../../lib]
    arg [-L/lib/x86_64-linux-gnu] ==> dir [/lib/x86_64-linux-gnu]
    arg [-L/lib/../lib] ==> dir [/lib/../lib]
    arg [-L/usr/lib/x86_64-linux-gnu] ==> dir [/usr/lib/x86_64-linux-gnu]
    arg [-L/usr/lib/../lib] ==> dir [/usr/lib/../lib]
    arg [-L/usr/lib/gcc/x86_64-linux-gnu/6/../../..] ==> dir [/usr/lib/gcc/x86_64-linux-gnu/6/../../..]
    arg [CMakeFiles/cmTC_106cc.dir/CMakeCXXCompilerABI.cpp.o] ==> ignore
    arg [-lstdc++] ==> lib [stdc++]
    arg [-lm] ==> lib [m]
    arg [-lgcc_s] ==> lib [gcc_s]
    arg [-lgcc] ==> lib [gcc]
    arg [-lc] ==> lib [c]
    arg [-lgcc_s] ==> lib [gcc_s]
    arg [-lgcc] ==> lib [gcc]
    arg [/usr/lib/gcc/x86_64-linux-gnu/6/crtendS.o] ==> ignore
    arg [/usr/lib/gcc/x86_64-linux-gnu/6/../../../x86_64-linux-gnu/crtn.o] ==> ignore
  remove lib [gcc_s]
  remove lib [gcc]
  remove lib [gcc_s]
  remove lib [gcc]
  collapse library dir [/usr/lib/gcc/x86_64-linux-gnu/6] ==> [/usr/lib/gcc/x86_64-linux-gnu/6]
  collapse library dir [/usr/lib/gcc/x86_64-linux-gnu/6/../../../x86_64-linux-gnu] ==> [/usr/lib/x86_64-linux-gnu]
  collapse library dir [/usr/lib/gcc/x86_64-linux-gnu/6/../../../../lib] ==> [/usr/lib]
  collapse library dir [/lib/x86_64-linux-gnu] ==> [/lib/x86_64-linux-gnu]
  collapse library dir [/lib/../lib] ==> [/lib]
  collapse library dir [/usr/lib/x86_64-linux-gnu] ==> [/usr/lib/x86_64-linux-gnu]
  collapse library dir [/usr/lib/../lib] ==> [/usr/lib]
  collapse library dir [/usr/lib/gcc/x86_64-linux-gnu/6/../../..] ==> [/usr/lib]
  implicit libs: [stdc++;m;c]
  implicit dirs: [/usr/lib/gcc/x86_64-linux-gnu/6;/usr/lib/x86_64-linux-gnu;/usr/lib;/lib/x86_64-linux-gnu;/lib]
  implicit fwks: []




Detecting CXX [-std=c++14] compiler features compiled with the following output:
Change Dir: /home/lukaszk/Desktop/Cross-and-circle-game-neural-networks-learn/CMakeFiles/CMakeTmp

Run Build Command:"/usr/bin/make" "cmTC_1f51d/fast"
/usr/bin/make -f CMakeFiles/cmTC_1f51d.dir/build.make CMakeFiles/cmTC_1f51d.dir/build
make[1]: Entering directory '/home/lukaszk/Desktop/Cross-and-circle-game-neural-networks-learn/CMakeFiles/CMakeTmp'
Building CXX object CMakeFiles/cmTC_1f51d.dir/feature_tests.cxx.o
/usr/bin/c++     -std=c++14 -o CMakeFiles/cmTC_1f51d.dir/feature_tests.cxx.o -c /home/lukaszk/Desktop/Cross-and-circle-game-neural-networks-learn/CMakeFiles/feature_tests.cxx
Linking CXX executable cmTC_1f51d
/usr/bin/cmake -E cmake_link_script CMakeFiles/cmTC_1f51d.dir/link.txt --verbose=1
/usr/bin/c++        CMakeFiles/cmTC_1f51d.dir/feature_tests.cxx.o  -o cmTC_1f51d 
make[1]: Leaving directory '/home/lukaszk/Desktop/Cross-and-circle-game-neural-networks-learn/CMakeFiles/CMakeTmp'


    Feature record: CXX_FEATURE:1cxx_aggregate_default_initializers
    Feature record: CXX_FEATURE:1cxx_alias_templates
    Feature record: CXX_FEATURE:1cxx_alignas
    Feature record: CXX_FEATURE:1cxx_alignof
    Feature record: CXX_FEATURE:1cxx_attributes
    Feature record: CXX_FEATURE:1cxx_attribute_deprecated
    Feature record: CXX_FEATURE:1cxx_auto_type
    Feature record: CXX_FEATURE:1cxx_binary_literals
    Feature record: CXX_FEATURE:1cxx_constexpr
    Feature record: CXX_FEATURE:1cxx_contextual_conversions
    Feature record: CXX_FEATURE:1cxx_decltype
    Feature record: CXX_FEATURE:1cxx_decltype_auto
    Feature record: CXX_FEATURE:1cxx_decltype_incomplete_return_types
    Feature record: CXX_FEATURE:1cxx_default_function_template_args
    Feature record: CXX_FEATURE:1cxx_defaulted_functions
    Feature record: CXX_FEATURE:1cxx_defaulted_move_initializers
    Feature record: CXX_FEATURE:1cxx_delegating_constructors
    Feature record: CXX_FEATURE:1cxx_deleted_functions
    Feature record: CXX_FEATURE:1cxx_digit_separators
    Feature record: CXX_FEATURE:1cxx_enum_forward_declarations
    Feature record: CXX_FEATURE:1cxx_explicit_conversions
    Feature record: CXX_FEATURE:1cxx_extended_friend_declarations
    Feature record: CXX_FEATURE:1cxx_extern_templates
    Feature record: CXX_FEATURE:1cxx_final
    Feature record: CXX_FEATURE:1cxx_func_identifier
    Feature record: CXX_FEATURE:1cxx_generalized_initializers
    Feature record: CXX_FEATURE:1cxx_generic_lambdas
    Feature record: CXX_FEATURE:1cxx_inheriting_constructors
    Feature record: CXX_FEATURE:1cxx_inline_namespaces
    Feature record: CXX_FEATURE:1cxx_lambdas
    Feature record: CXX_FEATURE:1cxx_lambda_init_captures
    Feature record: CXX_FEATURE:1cxx_local_type_template_args
    Feature record: CXX_FEATURE:1cxx_long_long_type
    Feature record: CXX_FEATURE:1cxx_noexcept
    Feature record: CXX_FEATURE:1cxx_nonstatic_member_init
    Feature record: CXX_FEATURE:1cxx_nullptr
    Feature record: CXX_FEATURE:1cxx_override
    Feature record: CXX_FEATURE:1cxx_range_for
    Feature record: CXX_FEATURE:1cxx_raw_string_literals
    Feature record: CXX_FEATURE:1cxx_reference_qualified_functions
    Feature record: CXX_FEATURE:1cxx_relaxed_constexpr
    Feature record: CXX_FEATURE:1cxx_return_type_deduction
    Feature record: CXX_FEATURE:1cxx_right_angle_brackets
    Feature record: CXX_FEATURE:1cxx_rvalue_references
    Feature record: CXX_FEATURE:1cxx_sizeof_member
    Feature record: CXX_FEATURE:1cxx_static_assert
    Feature record: CXX_FEATURE:1cxx_strong_enums
    Feature record: CXX_FEATURE:1cxx_template_template_parameters
    Feature record: CXX_FEATURE:1cxx_thread_local
    Feature record: CXX_FEATURE:1cxx_trailing_return_types
    Feature record: CXX_FEATURE:1cxx_unicode_literals
    Feature record: CXX_FEATURE:1cxx_uniform_initialization
    Feature record: CXX_FEATURE:1cxx_unrestricted_unions
    Feature record: CXX_FEATURE:1cxx_user_literals
    Feature record: CXX_FEATURE:1cxx_variable_templates
    Feature record: CXX_FEATURE:1cxx_variadic_macros
    Feature record: CXX_FEATURE:1cxx_variadic_templates


Detecting CXX [-std=c++11] compiler features compiled with the following output:
Change Dir: /home/lukaszk/Desktop/Cross-and-circle-game-neural-networks-learn/CMakeFiles/CMakeTmp

Run Build Command:"/usr/bin/make" "cmTC_bd65e/fast"
/usr/bin/make -f CMakeFiles/cmTC_bd65e.dir/build.make CMakeFiles/cmTC_bd65e.dir/build
make[1]: Entering directory '/home/lukaszk/Desktop/Cross-and-circle-game-neural-networks-learn/CMakeFiles/CMakeTmp'
Building CXX object CMakeFiles/cmTC_bd65e.dir/feature_tests.cxx.o
/usr/bin/c++     -std=c++11 -o CMakeFiles/cmTC_bd65e.dir/feature_tests.cxx.o -c /home/lukaszk/Desktop/Cross-and-circle-game-neural-networks-learn/CMakeFiles/feature_tests.cxx
Linking CXX executable cmTC_bd65e
/usr/bin/cmake -E cmake_link_script CMakeFiles/cmTC_bd65e.dir/link.txt --verbose=1
/usr/bin/c++        CMakeFiles/cmTC_bd65e.dir/feature_tests.cxx.o  -o cmTC_bd65e 
make[1]: Leaving directory '/home/lukaszk/Desktop/Cross-and-circle-game-neural-networks-learn/CMakeFiles/CMakeTmp'


    Feature record: CXX_FEATURE:0cxx_aggregate_default_initializers
    Feature record: CXX_FEATURE:1cxx_alias_templates
    Feature record: CXX_FEATURE:1cxx_alignas
    Feature record: CXX_FEATURE:1cxx_alignof
    Feature record: CXX_FEATURE:1cxx_attributes
    Feature record: CXX_FEATURE:0cxx_attribute_deprecated
    Feature record: CXX_FEATURE:1cxx_auto_type
    Feature record: CXX_FEATURE:0cxx_binary_literals
    Feature record: CXX_FEATURE:1cxx_constexpr
    Feature record: CXX_FEATURE:0cxx_contextual_conversions
    Feature record: CXX_FEATURE:1cxx_decltype
    Feature record: CXX_FEATURE:0cxx_decltype_auto
    Feature record: CXX_FEATURE:1cxx_decltype_incomplete_return_types
    Feature record: CXX_FEATURE:1cxx_default_function_template_args
    Feature record: CXX_FEATURE:1cxx_defaulted_functions
    Feature record: CXX_FEATURE:1cxx_defaulted_move_initializers
    Feature record: CXX_FEATURE:1cxx_delegating_constructors
    Feature record: CXX_FEATURE:1cxx_deleted_functions
    Feature record: CXX_FEATURE:0cxx_digit_separators
    Feature record: CXX_FEATURE:1cxx_enum_forward_declarations
    Feature record: CXX_FEATURE:1cxx_explicit_conversions
    Feature record: CXX_FEATURE:1cxx_extended_friend_declarations
    Feature record: CXX_FEATURE:1cxx_extern_templates
    Feature record: CXX_FEATURE:1cxx_final
    Feature record: CXX_FEATURE:1cxx_func_identifier
    Feature record: CXX_FEATURE:1cxx_generalized_initializers
    Feature record: CXX_FEATURE:0cxx_generic_lambdas
    Feature record: CXX_FEATURE:1cxx_inheriting_constructors
    Feature record: CXX_FEATURE:1cxx_inline_namespaces
    Feature record: CXX_FEATURE:1cxx_lambdas
    Feature record: CXX_FEATURE:0cxx_lambda_init_captures
    Feature record: CXX_FEATURE:1cxx_local_type_template_args
    Feature record: CXX_FEATURE:1cxx_long_long_type
    Feature record: CXX_FEATURE:1cxx_noexcept
    Feature record: CXX_FEATURE:1cxx_nonstatic_member_init
    Feature record: CXX_FEATURE:1cxx_nullptr
    Feature record: CXX_FEATURE:1cxx_override
    Feature record: CXX_FEATURE:1cxx_range_for
    Feature record: CXX_FEATURE:1cxx_raw_string_literals
    Feature record: CXX_FEATURE:1cxx_reference_qualified_functions
    Feature record: CXX_FEATURE:0cxx_relaxed_constexpr
    Feature record: CXX_FEATURE:0cxx_return_type_deduction
    Feature record: CXX_FEATURE:1cxx_right_angle_brackets
    Feature record: CXX_FEATURE:1cxx_rvalue_references
    Feature record: CXX_FEATURE:1cxx_sizeof_member
    Feature record: CXX_FEATURE:1cxx_static_assert
    Feature record: CXX_FEATURE:1cxx_strong_enums
    Feature record: CXX_FEATURE:1cxx_template_template_parameters
    Feature record: CXX_FEATURE:1cxx_thread_local
    Feature record: CXX_FEATURE:1cxx_trailing_return_types
    Feature record: CXX_FEATURE:1cxx_unicode_literals
    Feature record: CXX_FEATURE:1cxx_uniform_initialization
    Feature record: CXX_FEATURE:1cxx_unrestricted_unions
    Feature record: CXX_FEATURE:1cxx_user_literals
    Feature record: CXX_FEATURE:0cxx_variable_templates
    Feature record: CXX_FEATURE:1cxx_variadic_macros
    Feature record: CXX_FEATURE:1cxx_variadic_templates


Detecting CXX [-std=c++98] compiler features compiled with the following output:
Change Dir: /home/lukaszk/Desktop/Cross-and-circle-game-neural-networks-learn/CMakeFiles/CMakeTmp

Run Build Command:"/usr/bin/make" "cmTC_c73f6/fast"
/usr/bin/make -f CMakeFiles/cmTC_c73f6.dir/build.make CMakeFiles/cmTC_c73f6.dir/build
make[1]: Entering directory '/home/lukaszk/Desktop/Cross-and-circle-game-neural-networks-learn/CMakeFiles/CMakeTmp'
Building CXX object CMakeFiles/cmTC_c73f6.dir/feature_tests.cxx.o
/usr/bin/c++     -std=c++98 -o CMakeFiles/cmTC_c73f6.dir/feature_tests.cxx.o -c /home/lukaszk/Desktop/Cross-and-circle-game-neural-networks-learn/CMakeFiles/feature_tests.cxx
Linking CXX executable cmTC_c73f6
/usr/bin/cmake -E cmake_link_script CMakeFiles/cmTC_c73f6.dir/link.txt --verbose=1
/usr/bin/c++        CMakeFiles/cmTC_c73f6.dir/feature_tests.cxx.o  -o cmTC_c73f6 
make[1]: Leaving directory '/home/lukaszk/Desktop/Cross-and-circle-game-neural-networks-learn/CMakeFiles/CMakeTmp'


    Feature record: CXX_FEATURE:0cxx_aggregate_default_initializers
    Feature record: CXX_FEATURE:0cxx_alias_templates
    Feature record: CXX_FEATURE:0cxx_alignas
    Feature record: CXX_FEATURE:0cxx_alignof
    Feature record: CXX_FEATURE:0cxx_attributes
    Feature record: CXX_FEATURE:0cxx_attribute_deprecated
    Feature record: CXX_FEATURE:0cxx_auto_type
    Feature record: CXX_FEATURE:0cxx_binary_literals
    Feature record: CXX_FEATURE:0cxx_constexpr
    Feature record: CXX_FEATURE:0cxx_contextual_conversions
    Feature record: CXX_FEATURE:0cxx_decltype
    Feature record: CXX_FEATURE:0cxx_decltype_auto
    Feature record: CXX_FEATURE:0cxx_decltype_incomplete_return_types
    Feature record: CXX_FEATURE:0cxx_default_function_template_args
    Feature record: CXX_FEATURE:0cxx_defaulted_functions
    Feature record: CXX_FEATURE:0cxx_defaulted_move_initializers
    Feature record: CXX_FEATURE:0cxx_delegating_constructors
    Feature record: CXX_FEATURE:0cxx_deleted_functions
    Feature record: CXX_FEATURE:0cxx_digit_separators
    Feature record: CXX_FEATURE:0cxx_enum_forward_declarations
    Feature record: CXX_FEATURE:0cxx_explicit_conversions
    Feature record: CXX_FEATURE:0cxx_extended_friend_declarations
    Feature record: CXX_FEATURE:0cxx_extern_templates
    Feature record: CXX_FEATURE:0cxx_final
    Feature record: CXX_FEATURE:0cxx_func_identifier
    Feature record: CXX_FEATURE:0cxx_generalized_initializers
    Feature record: CXX_FEATURE:0cxx_generic_lambdas
    Feature record: CXX_FEATURE:0cxx_inheriting_constructors
    Feature record: CXX_FEATURE:0cxx_inline_namespaces
    Feature record: CXX_FEATURE:0cxx_lambdas
    Feature record: CXX_FEATURE:0cxx_lambda_init_captures
    Feature record: CXX_FEATURE:0cxx_local_type_template_args
    Feature record: CXX_FEATURE:0cxx_long_long_type
    Feature record: CXX_FEATURE:0cxx_noexcept
    Feature record: CXX_FEATURE:0cxx_nonstatic_member_init
    Feature record: CXX_FEATURE:0cxx_nullptr
    Feature record: CXX_FEATURE:0cxx_override
    Feature record: CXX_FEATURE:0cxx_range_for
    Feature record: CXX_FEATURE:0cxx_raw_string_literals
    Feature record: CXX_FEATURE:0cxx_reference_qualified_functions
    Feature record: CXX_FEATURE:0cxx_relaxed_constexpr
    Feature record: CXX_FEATURE:0cxx_return_type_deduction
    Feature record: CXX_FEATURE:0cxx_right_angle_brackets
    Feature record: CXX_FEATURE:0cxx_rvalue_references
    Feature record: CXX_FEATURE:0cxx_sizeof_member
    Feature record: CXX_FEATURE:0cxx_static_assert
    Feature record: CXX_FEATURE:0cxx_strong_enums
    Feature record: CXX_FEATURE:1cxx_template_template_parameters
    Feature record: CXX_FEATURE:0cxx_thread_local
    Feature record: CXX_FEATURE:0cxx_trailing_return_types
    Feature record: CXX_FEATURE:0cxx_unicode_literals
    Feature record: CXX_FEATURE:0cxx_uniform_initialization
    Feature record: CXX_FEATURE:0cxx_unrestricted_unions
    Feature record: CXX_FEATURE:0cxx_user_literals
    Feature record: CXX_FEATURE:0cxx_variable_templates
    Feature record: CXX_FEATURE:0cxx_variadic_macros
    Feature record: CXX_FEATURE:0cxx_variadic_templates
Determining if the include file pthread.h exists passed with the following output:
Change Dir: /home/lukaszk/Desktop/Cross-and-circle-game-neural-networks-learn/CMakeFiles/CMakeTmp

Run Build Command:"/usr/bin/make" "cmTC_27027/fast"
/usr/bin/make -f CMakeFiles/cmTC_27027.dir/build.make CMakeFiles/cmTC_27027.dir/build
make[1]: Entering directory '/home/lukaszk/Desktop/Cross-and-circle-game-neural-networks-learn/CMakeFiles/CMakeTmp'
Building C object CMakeFiles/cmTC_27027.dir/CheckIncludeFile.c.o
/usr/bin/cc     -o CMakeFiles/cmTC_27027.dir/CheckIncludeFile.c.o   -c /home/lukaszk/Desktop/Cross-and-circle-game-neural-networks-learn/CMakeFiles/CMakeTmp/CheckIncludeFile.c
Linking C executable cmTC_27027
/usr/bin/cmake -E cmake_link_script CMakeFiles/cmTC_27027.dir/link.txt --verbose=1
/usr/bin/cc       CMakeFiles/cmTC_27027.dir/CheckIncludeFile.c.o  -o cmTC_27027 
make[1]: Leaving directory '/home/lukaszk/Desktop/Cross-and-circle-game-neural-networks-learn/CMakeFiles/CMakeTmp'


Determining if the function pthread_create exists in the pthread passed with the following output:
Change Dir: /home/lukaszk/Desktop/Cross-and-circle-game-neural-networks-learn/CMakeFiles/CMakeTmp

Run Build Command:"/usr/bin/make" "cmTC_e11b9/fast"
/usr/bin/make -f CMakeFiles/cmTC_e11b9.dir/build.make CMakeFiles/cmTC_e11b9.dir/build
make[1]: Entering directory '/home/lukaszk/Desktop/Cross-and-circle-game-neural-networks-learn/CMakeFiles/CMakeTmp'
Building C object CMakeFiles/cmTC_e11b9.dir/CheckFunctionExists.c.o
/usr/bin/cc    -DCHECK_FUNCTION_EXISTS=pthread_create   -o CMakeFiles/cmTC_e11b9.dir/CheckFunctionExists.c.o   -c /usr/share/cmake-3.7/Modules/CheckFunctionExists.c
Linking C executable cmTC_e11b9
/usr/bin/cmake -E cmake_link_script CMakeFiles/cmTC_e11b9.dir/link.txt --verbose=1
/usr/bin/cc   -DCHECK_FUNCTION_EXISTS=pthread_create    CMakeFiles/cmTC_e11b9.dir/CheckFunctionExists.c.o  -o cmTC_e11b9 -lpthread 
make[1]: Leaving directory '/home/lukaszk/Desktop/Cross-and-circle-game-neural-networks-learn/CMakeFiles/CMakeTmp'


Determining if the include file pthread.h exists passed with the following output:
Change Dir: /home/lukaszk/Desktop/Cross-and-circle-game-neural-networks-learn/CMakeFiles/CMakeTmp

Run Build Command:"/usr/bin/make" "cmTC_3e2ab/fast"
/usr/bin/make -f CMakeFiles/cmTC_3e2ab.dir/build.make CMakeFiles/cmTC_3e2ab.dir/build
make[1]: Entering directory '/home/lukaszk/Desktop/Cross-and-circle-game-neural-networks-learn/CMakeFiles/CMakeTmp'
Building C object CMakeFiles/cmTC_3e2ab.dir/CheckIncludeFile.c.o
/usr/bin/cc     -o CMakeFiles/cmTC_3e2ab.dir/CheckIncludeFile.c.o   -c /home/lukaszk/Desktop/Cross-and-circle-game-neural-networks-learn/CMakeFiles/CMakeTmp/CheckIncludeFile.c
Linking C executable cmTC_3e2ab
/usr/bin/cmake -E cmake_link_script CMakeFiles/cmTC_3e2ab.dir/link.txt --verbose=1
/usr/bin/cc       CMakeFiles/cmTC_3e2ab.dir/CheckIncludeFile.c.o  -o cmTC_3e2ab 
make[1]: Leaving directory '/home/lukaszk/Desktop/Cross-and-circle-game-neural-networks-learn/CMakeFiles/CMakeTmp'


Determining if the function pthread_create exists in the pthread passed with the following output:
Change Dir: /home/lukaszk/Desktop/Cross-and-circle-game-neural-networks-learn/CMakeFiles/CMakeTmp

Run Build Command:"/usr/bin/make" "cmTC_a9e13/fast"
/usr/bin/make -f CMakeFiles/cmTC_a9e13.dir/build.make CMakeFiles/cmTC_a9e13.dir/build
make[1]: Entering directory '/home/lukaszk/Desktop/Cross-and-circle-game-neural-networks-learn/CMakeFiles/CMakeTmp'
Building C object CMakeFiles/cmTC_a9e13.dir/CheckFunctionExists.c.o
/usr/bin/cc    -DCHECK_FUNCTION_EXISTS=pthread_create   -o CMakeFiles/cmTC_a9e13.dir/CheckFunctionExists.c.o   -c /usr/share/cmake-3.7/Modules/CheckFunctionExists.c
Linking C executable cmTC_a9e13
/usr/bin/cmake -E cmake_link_script CMakeFiles/cmTC_a9e13.dir/link.txt --verbose=1
/usr/bin/cc   -DCHECK_FUNCTION_EXISTS=pthread_create    CMakeFiles/cmTC_a9e13.dir/CheckFunctionExists.c.o  -o cmTC_a9e13 -lpthread 
make[1]: Leaving directory '/home/lukaszk/Desktop/Cross-and-circle-game-neural-networks-learn/CMakeFiles/CMakeTmp'


Determining if the include file pthread.h exists passed with the following output:
Change Dir: /home/lukaszk/Desktop/Cross-and-circle-game-neural-networks-learn/CMakeFiles/CMakeTmp

Run Build Command:"/usr/bin/make" "cmTC_fcaea/fast"
/usr/bin/make -f CMakeFiles/cmTC_fcaea.dir/build.make CMakeFiles/cmTC_fcaea.dir/build
make[1]: Entering directory '/home/lukaszk/Desktop/Cross-and-circle-game-neural-networks-learn/CMakeFiles/CMakeTmp'
Building C object CMakeFiles/cmTC_fcaea.dir/CheckIncludeFile.c.o
/usr/bin/cc     -o CMakeFiles/cmTC_fcaea.dir/CheckIncludeFile.c.o   -c /home/lukaszk/Desktop/Cross-and-circle-game-neural-networks-learn/CMakeFiles/CMakeTmp/CheckIncludeFile.c
Linking C executable cmTC_fcaea
/usr/bin/cmake -E cmake_link_script CMakeFiles/cmTC_fcaea.dir/link.txt --verbose=1
/usr/bin/cc       CMakeFiles/cmTC_fcaea.dir/CheckIncludeFile.c.o  -o cmTC_fcaea 
make[1]: Leaving directory '/home/lukaszk/Desktop/Cross-and-circle-game-neural-networks-learn/CMakeFiles/CMakeTmp'


Determining if the function pthread_create exists in the pthread passed with the following output:
Change Dir: /home/lukaszk/Desktop/Cross-and-circle-game-neural-networks-learn/CMakeFiles/CMakeTmp

Run Build Command:"/usr/bin/make" "cmTC_eeb11/fast"
/usr/bin/make -f CMakeFiles/cmTC_eeb11.dir/build.make CMakeFiles/cmTC_eeb11.dir/build
make[1]: Entering directory '/home/lukaszk/Desktop/Cross-and-circle-game-neural-networks-learn/CMakeFiles/CMakeTmp'
Building C object CMakeFiles/cmTC_eeb11.dir/CheckFunctionExists.c.o
/usr/bin/cc    -DCHECK_FUNCTION_EXISTS=pthread_create   -o CMakeFiles/cmTC_eeb11.dir/CheckFunctionExists.c.o   -c /usr/share/cmake-3.7/Modules/CheckFunctionExists.c
Linking C executable cmTC_eeb11
/usr/bin/cmake -E cmake_link_script CMakeFiles/cmTC_eeb11.dir/link.txt --verbose=1
/usr/bin/cc   -DCHECK_FUNCTION_EXISTS=pthread_create    CMakeFiles/cmTC_eeb11.dir/CheckFunctionExists.c.o  -o cmTC_eeb11 -lpthread 
make[1]: Leaving directory '/home/lukaszk/Desktop/Cross-and-circle-game-neural-networks-learn/CMakeFiles/CMakeTmp'


Determining if the include file pthread.h exists passed with the following output:
Change Dir: /home/lukaszk/Desktop/Cross-and-circle-game-neural-networks-learn/CMakeFiles/CMakeTmp

Run Build Command:"/usr/bin/make" "cmTC_15c05/fast"
/usr/bin/make -f CMakeFiles/cmTC_15c05.dir/build.make CMakeFiles/cmTC_15c05.dir/build
make[1]: Entering directory '/home/lukaszk/Desktop/Cross-and-circle-game-neural-networks-learn/CMakeFiles/CMakeTmp'
Building C object CMakeFiles/cmTC_15c05.dir/CheckIncludeFile.c.o
/usr/bin/cc     -o CMakeFiles/cmTC_15c05.dir/CheckIncludeFile.c.o   -c /home/lukaszk/Desktop/Cross-and-circle-game-neural-networks-learn/CMakeFiles/CMakeTmp/CheckIncludeFile.c
Linking C executable cmTC_15c05
/usr/bin/cmake -E cmake_link_script CMakeFiles/cmTC_15c05.dir/link.txt --verbose=1
/usr/bin/cc       CMakeFiles/cmTC_15c05.dir/CheckIncludeFile.c.o  -o cmTC_15c05 
make[1]: Leaving directory '/home/lukaszk/Desktop/Cross-and-circle-game-neural-networks-learn/CMakeFiles/CMakeTmp'


Determining if the function pthread_create exists in the pthread passed with the following output:
Change Dir: /home/lukaszk/Desktop/Cross-and-circle-game-neural-networks-learn/CMakeFiles/CMakeTmp

Run Build Command:"/usr/bin/make" "cmTC_8d51c/fast"
/usr/bin/make -f CMakeFiles/cmTC_8d51c.dir/build.make CMakeFiles/cmTC_8d51c.dir/build
make[1]: Entering directory '/home/lukaszk/Desktop/Cross-and-circle-game-neural-networks-learn/CMakeFiles/CMakeTmp'
Building C object CMakeFiles/cmTC_8d51c.dir/CheckFunctionExists.c.o
/usr/bin/cc    -DCHECK_FUNCTION_EXISTS=pthread_create   -o CMakeFiles/cmTC_8d51c.dir/CheckFunctionExists.c.o   -c /usr/share/cmake-3.7/Modules/CheckFunctionExists.c
Linking C executable cmTC_8d51c
/usr/bin/cmake -E cmake_link_script CMakeFiles/cmTC_8d51c.dir/link.txt --verbose=1
/usr/bin/cc   -DCHECK_FUNCTION_EXISTS=pthread_create    CMakeFiles/cmTC_8d51c.dir/CheckFunctionExists.c.o  -o cmTC_8d51c -lpthread 
make[1]: Leaving directory '/home/lukaszk/Desktop/Cross-and-circle-game-neural-networks-learn/CMakeFiles/CMakeTmp'


Determining if the include file pthread.h exists passed with the following output:
Change Dir: /home/lukaszk/Desktop/Cross-and-circle-game-neural-networks-learn/CMakeFiles/CMakeTmp

Run Build Command:"/usr/bin/make" "cmTC_7144c/fast"
/usr/bin/make -f CMakeFiles/cmTC_7144c.dir/build.make CMakeFiles/cmTC_7144c.dir/build
make[1]: Entering directory '/home/lukaszk/Desktop/Cross-and-circle-game-neural-networks-learn/CMakeFiles/CMakeTmp'
Building C object CMakeFiles/cmTC_7144c.dir/CheckIncludeFile.c.o
/usr/bin/cc     -o CMakeFiles/cmTC_7144c.dir/CheckIncludeFile.c.o   -c /home/lukaszk/Desktop/Cross-and-circle-game-neural-networks-learn/CMakeFiles/CMakeTmp/CheckIncludeFile.c
Linking C executable cmTC_7144c
/usr/bin/cmake -E cmake_link_script CMakeFiles/cmTC_7144c.dir/link.txt --verbose=1
/usr/bin/cc       CMakeFiles/cmTC_7144c.dir/CheckIncludeFile.c.o  -o cmTC_7144c 
make[1]: Leaving directory '/home/lukaszk/Desktop/Cross-and-circle-game-neural-networks-learn/CMakeFiles/CMakeTmp'


Determining if the function pthread_create exists in the pthread passed with the following output:
Change Dir: /home/lukaszk/Desktop/Cross-and-circle-game-neural-networks-learn/CMakeFiles/CMakeTmp

Run Build Command:"/usr/bin/make" "cmTC_290e9/fast"
/usr/bin/make -f CMakeFiles/cmTC_290e9.dir/build.make CMakeFiles/cmTC_290e9.dir/build
make[1]: Entering directory '/home/lukaszk/Desktop/Cross-and-circle-game-neural-networks-learn/CMakeFiles/CMakeTmp'
Building C object CMakeFiles/cmTC_290e9.dir/CheckFunctionExists.c.o
/usr/bin/cc    -DCHECK_FUNCTION_EXISTS=pthread_create   -o CMakeFiles/cmTC_290e9.dir/CheckFunctionExists.c.o   -c /usr/share/cmake-3.7/Modules/CheckFunctionExists.c
Linking C executable cmTC_290e9
/usr/bin/cmake -E cmake_link_script CMakeFiles/cmTC_290e9.dir/link.txt --verbose=1
/usr/bin/cc   -DCHECK_FUNCTION_EXISTS=pthread_create    CMakeFiles/cmTC_290e9.dir/CheckFunctionExists.c.o  -o cmTC_290e9 -lpthread 
make[1]: Leaving directory '/home/lukaszk/Desktop/Cross-and-circle-game-neural-networks-learn/CMakeFiles/CMakeTmp'


Determining if the include file pthread.h exists passed with the following output:
Change Dir: /home/lukaszk/Desktop/Cross-and-circle-game-neural-networks-learn/CMakeFiles/CMakeTmp

Run Build Command:"/usr/bin/make" "cmTC_91607/fast"
/usr/bin/make -f CMakeFiles/cmTC_91607.dir/build.make CMakeFiles/cmTC_91607.dir/build
make[1]: Entering directory '/home/lukaszk/Desktop/Cross-and-circle-game-neural-networks-learn/CMakeFiles/CMakeTmp'
Building C object CMakeFiles/cmTC_91607.dir/CheckIncludeFile.c.o
/usr/bin/cc     -o CMakeFiles/cmTC_91607.dir/CheckIncludeFile.c.o   -c /home/lukaszk/Desktop/Cross-and-circle-game-neural-networks-learn/CMakeFiles/CMakeTmp/CheckIncludeFile.c
Linking C executable cmTC_91607
/usr/bin/cmake -E cmake_link_script CMakeFiles/cmTC_91607.dir/link.txt --verbose=1
/usr/bin/cc       CMakeFiles/cmTC_91607.dir/CheckIncludeFile.c.o  -o cmTC_91607 
make[1]: Leaving directory '/home/lukaszk/Desktop/Cross-and-circle-game-neural-networks-learn/CMakeFiles/CMakeTmp'


Determining if the function pthread_create exists in the pthread passed with the following output:
Change Dir: /home/lukaszk/Desktop/Cross-and-circle-game-neural-networks-learn/CMakeFiles/CMakeTmp

Run Build Command:"/usr/bin/make" "cmTC_96fea/fast"
/usr/bin/make -f CMakeFiles/cmTC_96fea.dir/build.make CMakeFiles/cmTC_96fea.dir/build
make[1]: Entering directory '/home/lukaszk/Desktop/Cross-and-circle-game-neural-networks-learn/CMakeFiles/CMakeTmp'
Building C object CMakeFiles/cmTC_96fea.dir/CheckFunctionExists.c.o
/usr/bin/cc    -DCHECK_FUNCTION_EXISTS=pthread_create   -o CMakeFiles/cmTC_96fea.dir/CheckFunctionExists.c.o   -c /usr/share/cmake-3.7/Modules/CheckFunctionExists.c
Linking C executable cmTC_96fea
/usr/bin/cmake -E cmake_link_script CMakeFiles/cmTC_96fea.dir/link.txt --verbose=1
/usr/bin/cc   -DCHECK_FUNCTION_EXISTS=pthread_create    CMakeFiles/cmTC_96fea.dir/CheckFunctionExists.c.o  -o cmTC_96fea -lpthread 
make[1]: Leaving directory '/home/lukaszk/Desktop/Cross-and-circle-game-neural-networks-learn/CMakeFiles/CMakeTmp'


Determining if the include file pthread.h exists passed with the following output:
Change Dir: /home/lukaszk/Desktop/Cross-and-circle-game-neural-networks-learn/CMakeFiles/CMakeTmp

Run Build Command:"/usr/bin/make" "cmTC_5dfc4/fast"
/usr/bin/make -f CMakeFiles/cmTC_5dfc4.dir/build.make CMakeFiles/cmTC_5dfc4.dir/build
make[1]: Entering directory '/home/lukaszk/Desktop/Cross-and-circle-game-neural-networks-learn/CMakeFiles/CMakeTmp'
Building C object CMakeFiles/cmTC_5dfc4.dir/CheckIncludeFile.c.o
/usr/bin/cc     -o CMakeFiles/cmTC_5dfc4.dir/CheckIncludeFile.c.o   -c /home/lukaszk/Desktop/Cross-and-circle-game-neural-networks-learn/CMakeFiles/CMakeTmp/CheckIncludeFile.c
Linking C executable cmTC_5dfc4
/usr/bin/cmake -E cmake_link_script CMakeFiles/cmTC_5dfc4.dir/link.txt --verbose=1
/usr/bin/cc       CMakeFiles/cmTC_5dfc4.dir/CheckIncludeFile.c.o  -o cmTC_5dfc4 
make[1]: Leaving directory '/home/lukaszk/Desktop/Cross-and-circle-game-neural-networks-learn/CMakeFiles/CMakeTmp'


Determining if the function pthread_create exists in the pthread passed with the following output:
Change Dir: /home/lukaszk/Desktop/Cross-and-circle-game-neural-networks-learn/CMakeFiles/CMakeTmp

Run Build Command:"/usr/bin/make" "cmTC_83fda/fast"
/usr/bin/make -f CMakeFiles/cmTC_83fda.dir/build.make CMakeFiles/cmTC_83fda.dir/build
make[1]: Entering directory '/home/lukaszk/Desktop/Cross-and-circle-game-neural-networks-learn/CMakeFiles/CMakeTmp'
Building C object CMakeFiles/cmTC_83fda.dir/CheckFunctionExists.c.o
/usr/bin/cc    -DCHECK_FUNCTION_EXISTS=pthread_create   -o CMakeFiles/cmTC_83fda.dir/CheckFunctionExists.c.o   -c /usr/share/cmake-3.7/Modules/CheckFunctionExists.c
Linking C executable cmTC_83fda
/usr/bin/cmake -E cmake_link_script CMakeFiles/cmTC_83fda.dir/link.txt --verbose=1
/usr/bin/cc   -DCHECK_FUNCTION_EXISTS=pthread_create    CMakeFiles/cmTC_83fda.dir/CheckFunctionExists.c.o  -o cmTC_83fda -lpthread 
make[1]: Leaving directory '/home/lukaszk/Desktop/Cross-and-circle-game-neural-networks-learn/CMakeFiles/CMakeTmp'


Determining if the include file pthread.h exists passed with the following output:
Change Dir: /home/lukaszk/Desktop/Cross-and-circle-game-neural-networks-learn/CMakeFiles/CMakeTmp

Run Build Command:"/usr/bin/make" "cmTC_51624/fast"
/usr/bin/make -f CMakeFiles/cmTC_51624.dir/build.make CMakeFiles/cmTC_51624.dir/build
make[1]: Entering directory '/home/lukaszk/Desktop/Cross-and-circle-game-neural-networks-learn/CMakeFiles/CMakeTmp'
Building C object CMakeFiles/cmTC_51624.dir/CheckIncludeFile.c.o
/usr/bin/cc     -o CMakeFiles/cmTC_51624.dir/CheckIncludeFile.c.o   -c /home/lukaszk/Desktop/Cross-and-circle-game-neural-networks-learn/CMakeFiles/CMakeTmp/CheckIncludeFile.c
Linking C executable cmTC_51624
/usr/bin/cmake -E cmake_link_script CMakeFiles/cmTC_51624.dir/link.txt --verbose=1
/usr/bin/cc       CMakeFiles/cmTC_51624.dir/CheckIncludeFile.c.o  -o cmTC_51624 
make[1]: Leaving directory '/home/lukaszk/Desktop/Cross-and-circle-game-neural-networks-learn/CMakeFiles/CMakeTmp'


Determining if the function pthread_create exists in the pthread passed with the following output:
Change Dir: /home/lukaszk/Desktop/Cross-and-circle-game-neural-networks-learn/CMakeFiles/CMakeTmp

Run Build Command:"/usr/bin/make" "cmTC_06e53/fast"
/usr/bin/make -f CMakeFiles/cmTC_06e53.dir/build.make CMakeFiles/cmTC_06e53.dir/build
make[1]: Entering directory '/home/lukaszk/Desktop/Cross-and-circle-game-neural-networks-learn/CMakeFiles/CMakeTmp'
Building C object CMakeFiles/cmTC_06e53.dir/CheckFunctionExists.c.o
/usr/bin/cc    -DCHECK_FUNCTION_EXISTS=pthread_create   -o CMakeFiles/cmTC_06e53.dir/CheckFunctionExists.c.o   -c /usr/share/cmake-3.7/Modules/CheckFunctionExists.c
Linking C executable cmTC_06e53
/usr/bin/cmake -E cmake_link_script CMakeFiles/cmTC_06e53.dir/link.txt --verbose=1
/usr/bin/cc   -DCHECK_FUNCTION_EXISTS=pthread_create    CMakeFiles/cmTC_06e53.dir/CheckFunctionExists.c.o  -o cmTC_06e53 -lpthread 
make[1]: Leaving directory '/home/lukaszk/Desktop/Cross-and-circle-game-neural-networks-learn/CMakeFiles/CMakeTmp'


