Determining if the pthread_create exist failed with the following output:
Change Dir: /home/fotoblysk/git-projects/Cross-and-circle-game-neural-networks-learn/cmake-build-release/CMakeFiles/CMakeTmp

Run Build Command:"/usr/bin/make" "cmTC_85767/fast"
/usr/bin/make -f CMakeFiles/cmTC_85767.dir/build.make CMakeFiles/cmTC_85767.dir/build
make[1]: Wejście do katalogu '/home/fotoblysk/git-projects/Cross-and-circle-game-neural-networks-learn/cmake-build-release/CMakeFiles/CMakeTmp'
Building C object CMakeFiles/cmTC_85767.dir/CheckSymbolExists.c.o
/usr/bin/cc     -o CMakeFiles/cmTC_85767.dir/CheckSymbolExists.c.o   -c /home/fotoblysk/git-projects/Cross-and-circle-game-neural-networks-learn/cmake-build-release/CMakeFiles/CMakeTmp/CheckSymbolExists.c
Linking C executable cmTC_85767
/home/fotoblysk/Prog/clion-2016.2.2_2/bin/cmake/bin/cmake -E cmake_link_script CMakeFiles/cmTC_85767.dir/link.txt --verbose=1
/usr/bin/cc       CMakeFiles/cmTC_85767.dir/CheckSymbolExists.c.o  -o cmTC_85767 
CMakeFiles/cmTC_85767.dir/CheckSymbolExists.c.o: In function `main':
CheckSymbolExists.c:(.text+0x16): undefined reference to `pthread_create'
collect2: error: ld returned 1 exit status
CMakeFiles/cmTC_85767.dir/build.make:97: polecenia dla obiektu 'cmTC_85767' nie powiodły się
make[1]: *** [cmTC_85767] Błąd 1
make[1]: Opuszczenie katalogu '/home/fotoblysk/git-projects/Cross-and-circle-game-neural-networks-learn/cmake-build-release/CMakeFiles/CMakeTmp'
Makefile:126: polecenia dla obiektu 'cmTC_85767/fast' nie powiodły się
make: *** [cmTC_85767/fast] Błąd 2

File /home/fotoblysk/git-projects/Cross-and-circle-game-neural-networks-learn/cmake-build-release/CMakeFiles/CMakeTmp/CheckSymbolExists.c:
/* */
#include <pthread.h>

int main(int argc, char** argv)
{
  (void)argv;
#ifndef pthread_create
  return ((int*)(&pthread_create))[argc];
#else
  (void)argc;
  return 0;
#endif
}

Determining if the function pthread_create exists in the pthreads failed with the following output:
Change Dir: /home/fotoblysk/git-projects/Cross-and-circle-game-neural-networks-learn/cmake-build-release/CMakeFiles/CMakeTmp

Run Build Command:"/usr/bin/make" "cmTC_8b461/fast"
/usr/bin/make -f CMakeFiles/cmTC_8b461.dir/build.make CMakeFiles/cmTC_8b461.dir/build
make[1]: Wejście do katalogu '/home/fotoblysk/git-projects/Cross-and-circle-game-neural-networks-learn/cmake-build-release/CMakeFiles/CMakeTmp'
Building C object CMakeFiles/cmTC_8b461.dir/CheckFunctionExists.c.o
/usr/bin/cc    -DCHECK_FUNCTION_EXISTS=pthread_create   -o CMakeFiles/cmTC_8b461.dir/CheckFunctionExists.c.o   -c /home/fotoblysk/Prog/clion-2016.2.2_2/bin/cmake/share/cmake-3.6/Modules/CheckFunctionExists.c
Linking C executable cmTC_8b461
/home/fotoblysk/Prog/clion-2016.2.2_2/bin/cmake/bin/cmake -E cmake_link_script CMakeFiles/cmTC_8b461.dir/link.txt --verbose=1
/usr/bin/cc   -DCHECK_FUNCTION_EXISTS=pthread_create    CMakeFiles/cmTC_8b461.dir/CheckFunctionExists.c.o  -o cmTC_8b461 -lpthreads 
/usr/bin/ld: cannot find -lpthreads
collect2: error: ld returned 1 exit status
CMakeFiles/cmTC_8b461.dir/build.make:97: polecenia dla obiektu 'cmTC_8b461' nie powiodły się
make[1]: *** [cmTC_8b461] Błąd 1
make[1]: Opuszczenie katalogu '/home/fotoblysk/git-projects/Cross-and-circle-game-neural-networks-learn/cmake-build-release/CMakeFiles/CMakeTmp'
Makefile:126: polecenia dla obiektu 'cmTC_8b461/fast' nie powiodły się
make: *** [cmTC_8b461/fast] Błąd 2


